-------------------------------------------------------------------------------
Test set: com.sg.guessthenumber.dao.GameDaoDBTest
-------------------------------------------------------------------------------
Tests run: 3, Failures: 1, Errors: 0, Skipped: 0, Time elapsed: 3.535 s <<< FAILURE! - in com.sg.guessthenumber.dao.GameDaoDBTest
testGetAllGames(com.sg.guessthenumber.dao.GameDaoDBTest)  Time elapsed: 0.556 s  <<< FAILURE!
java.lang.AssertionError: expected:<2> but was:<72>
	at com.sg.guessthenumber.dao.GameDaoDBTest.testGetAllGames(GameDaoDBTest.java:45)

