-------------------------------------------------------------------------------
Test set: com.sg.guessthenumber.dao.RoundDaoTest
-------------------------------------------------------------------------------
Tests run: 1, Failures: 1, Errors: 0, Skipped: 0, Time elapsed: 0.001 s <<< FAILURE! - in com.sg.guessthenumber.dao.RoundDaoTest
testAddGetGetAll(com.sg.guessthenumber.dao.RoundDaoTest)  Time elapsed: 0 s  <<< FAILURE!
java.lang.AssertionError: expected:<2> but was:<30>
	at com.sg.guessthenumber.dao.RoundDaoTest.testAddGetGetAll(RoundDaoTest.java:61)

