<?xml version="1.0" encoding="UTF-8"?>
<testsuite xmlns:xsi="http://www.w3.org/2001/XMLSchema-instance" xsi:noNamespaceSchemaLocation="https://maven.apache.org/surefire/maven-surefire-plugin/xsd/surefire-test-report.xsd" name="com.sg.guessthenumber.dao.GameDaoDBTest" time="3.535" tests="3" errors="0" skipped="0" failures="1">
  <properties>
[...]
</properties>
  <testcase name="testGetAllGames" classname="com.sg.guessthenumber.dao.GameDaoDBTest" time="0.556">
    <failure message="expected:&lt;2&gt; but was:&lt;72&gt;" type="java.lang.AssertionError"><![CDATA[java.lang.AssertionError: expected:<2> but was:<72>
	at com.sg.guessthenumber.dao.GameDaoDBTest.testGetAllGames(GameDaoDBTest.java:45)
]]></failure>
    <system-out><![CDATA[03:02:25.428 [main] DEBUG org.springframework.test.context.junit4.SpringJUnit4ClassRunner - SpringJUnit4ClassRunner constructor called with [class com.sg.guessthenumber.dao.GameDaoDBTest]
03:02:25.433 [main] DEBUG org.springframework.test.context.BootstrapUtils - Instantiating CacheAwareContextLoaderDelegate from class [org.springframework.test.context.cache.DefaultCacheAwareContextLoaderDelegate]
03:02:25.439 [main] DEBUG org.springframework.test.context.BootstrapUtils - Instantiating BootstrapContext using constructor [public org.springframework.test.context.support.DefaultBootstrapContext(java.lang.Class,org.springframework.test.context.CacheAwareContextLoaderDelegate)]
03:02:25.451 [main] DEBUG org.springframework.test.context.BootstrapUtils - Instantiating TestContextBootstrapper for test class [com.sg.guessthenumber.dao.GameDaoDBTest] from class [org.springframework.boot.test.context.SpringBootTestContextBootstrapper]
03:02:25.466 [main] INFO org.springframework.boot.test.context.SpringBootTestContextBootstrapper - Neither @ContextConfiguration nor @ContextHierarchy found for test class [com.sg.guessthenumber.dao.GameDaoDBTest], using SpringBootContextLoader
03:02:25.469 [main] DEBUG org.springframework.test.context.support.AbstractContextLoader - Did not detect default resource location for test class [com.sg.guessthenumber.dao.GameDaoDBTest]: class path resource [com/sg/guessthenumber/dao/GameDaoDBTest-context.xml] does not exist
03:02:25.469 [main] DEBUG org.springframework.test.context.support.AbstractContextLoader - Did not detect default resource location for test class [com.sg.guessthenumber.dao.GameDaoDBTest]: class path resource [com/sg/guessthenumber/dao/GameDaoDBTestContext.groovy] does not exist
03:02:25.471 [main] INFO org.springframework.test.context.support.AbstractContextLoader - Could not detect default resource locations for test class [com.sg.guessthenumber.dao.GameDaoDBTest]: no resource found for suffixes {-context.xml, Context.groovy}.
03:02:25.517 [main] DEBUG org.springframework.test.context.support.ActiveProfilesUtils - Could not find an 'annotation declaring class' for annotation type [org.springframework.test.context.ActiveProfiles] and class [com.sg.guessthenumber.dao.GameDaoDBTest]
03:02:25.604 [main] DEBUG org.springframework.boot.test.context.SpringBootTestContextBootstrapper - @TestExecutionListeners is not present for class [com.sg.guessthenumber.dao.GameDaoDBTest]: using defaults.
03:02:25.604 [main] INFO org.springframework.boot.test.context.SpringBootTestContextBootstrapper - Loaded default TestExecutionListener class names from location [META-INF/spring.factories]: [org.springframework.boot.test.mock.mockito.MockitoTestExecutionListener, org.springframework.boot.test.mock.mockito.ResetMocksTestExecutionListener, org.springframework.boot.test.autoconfigure.restdocs.RestDocsTestExecutionListener, org.springframework.boot.test.autoconfigure.web.client.MockRestServiceServerResetTestExecutionListener, org.springframework.boot.test.autoconfigure.web.servlet.MockMvcPrintOnlyOnFailureTestExecutionListener, org.springframework.boot.test.autoconfigure.web.servlet.WebDriverTestExecutionListener, org.springframework.test.context.web.ServletTestExecutionListener, org.springframework.test.context.support.DirtiesContextBeforeModesTestExecutionListener, org.springframework.test.context.support.DependencyInjectionTestExecutionListener, org.springframework.test.context.support.DirtiesContextTestExecutionListener, org.springframework.test.context.transaction.TransactionalTestExecutionListener, org.springframework.test.context.jdbc.SqlScriptsTestExecutionListener]
03:02:25.616 [main] INFO org.springframework.boot.test.context.SpringBootTestContextBootstrapper - Using TestExecutionListeners: [org.springframework.test.context.web.ServletTestExecutionListener@72ade7e3, org.springframework.test.context.support.DirtiesContextBeforeModesTestExecutionListener@239105a8, org.springframework.boot.test.mock.mockito.MockitoTestExecutionListener@3fce8fd9, org.springframework.boot.test.autoconfigure.SpringBootDependencyInjectionTestExecutionListener@609bcfb6, org.springframework.test.context.support.DirtiesContextTestExecutionListener@7d94beb9, org.springframework.test.context.transaction.TransactionalTestExecutionListener@560348e6, org.springframework.test.context.jdbc.SqlScriptsTestExecutionListener@1df8b5b8, org.springframework.boot.test.mock.mockito.ResetMocksTestExecutionListener@23202fce, org.springframework.boot.test.autoconfigure.restdocs.RestDocsTestExecutionListener@7b993c65, org.springframework.boot.test.autoconfigure.web.client.MockRestServiceServerResetTestExecutionListener@37911f88, org.springframework.boot.test.autoconfigure.web.servlet.MockMvcPrintOnlyOnFailureTestExecutionListener@6f1c29b7, org.springframework.boot.test.autoconfigure.web.servlet.WebDriverTestExecutionListener@4d6025c5]
03:02:25.618 [main] DEBUG org.springframework.test.annotation.ProfileValueUtils - Retrieved @ProfileValueSourceConfiguration [null] for test class [com.sg.guessthenumber.dao.GameDaoDBTest]
03:02:25.618 [main] DEBUG org.springframework.test.annotation.ProfileValueUtils - Retrieved ProfileValueSource type [class org.springframework.test.annotation.SystemProfileValueSource] for class [com.sg.guessthenumber.dao.GameDaoDBTest]
03:02:25.619 [main] DEBUG org.springframework.test.annotation.ProfileValueUtils - Retrieved @ProfileValueSourceConfiguration [null] for test class [com.sg.guessthenumber.dao.GameDaoDBTest]
03:02:25.619 [main] DEBUG org.springframework.test.annotation.ProfileValueUtils - Retrieved ProfileValueSource type [class org.springframework.test.annotation.SystemProfileValueSource] for class [com.sg.guessthenumber.dao.GameDaoDBTest]
03:02:25.619 [main] DEBUG org.springframework.test.annotation.ProfileValueUtils - Retrieved @ProfileValueSourceConfiguration [null] for test class [com.sg.guessthenumber.dao.GameDaoDBTest]
03:02:25.619 [main] DEBUG org.springframework.test.annotation.ProfileValueUtils - Retrieved ProfileValueSource type [class org.springframework.test.annotation.SystemProfileValueSource] for class [com.sg.guessthenumber.dao.GameDaoDBTest]
03:02:25.623 [main] DEBUG org.springframework.test.context.support.AbstractDirtiesContextTestExecutionListener - Before test class: context [DefaultTestContext@59e2d8e3 testClass = GameDaoDBTest, testInstance = [null], testMethod = [null], testException = [null], mergedContextConfiguration = [WebMergedContextConfiguration@2b72cb8a testClass = GameDaoDBTest, locations = '{}', classes = '{class com.sg.guessthenumber.TestApplicationConfiguration, class com.sg.guessthenumber.TestApplicationConfiguration}', contextInitializerClasses = '[]', activeProfiles = '{}', propertySourceLocations = '{}', propertySourceProperties = '{org.springframework.boot.test.context.SpringBootTestContextBootstrapper=true}', contextCustomizers = set[org.springframework.boot.test.context.filter.ExcludeFilterContextCustomizer@65f095f8, org.springframework.boot.test.json.DuplicateJsonObjectContextCustomizerFactory$DuplicateJsonObjectContextCustomizer@346d61be, org.springframework.boot.test.mock.mockito.MockitoContextCustomizer@0, org.springframework.boot.test.web.client.TestRestTemplateContextCustomizer@1ba9117e, org.springframework.boot.test.autoconfigure.properties.PropertyMappingContextCustomizer@0, org.springframework.boot.test.autoconfigure.web.servlet.WebDriverContextCustomizerFactory$Customizer@193f604a], resourceBasePath = 'src/main/webapp', contextLoader = 'org.springframework.boot.test.context.SpringBootContextLoader', parent = [null]], attributes = map['org.springframework.test.context.web.ServletTestExecutionListener.activateListener' -> true]], class annotated with @DirtiesContext [false] with mode [null].
03:02:25.624 [main] DEBUG org.springframework.test.annotation.ProfileValueUtils - Retrieved @ProfileValueSourceConfiguration [null] for test class [com.sg.guessthenumber.dao.GameDaoDBTest]
03:02:25.624 [main] DEBUG org.springframework.test.annotation.ProfileValueUtils - Retrieved ProfileValueSource type [class org.springframework.test.annotation.SystemProfileValueSource] for class [com.sg.guessthenumber.dao.GameDaoDBTest]
03:02:25.648 [main] DEBUG org.springframework.test.context.support.TestPropertySourceUtils - Adding inlined properties to environment: {spring.jmx.enabled=false, org.springframework.boot.test.context.SpringBootTestContextBootstrapper=true, server.port=-1}

  .   ____          _            __ _ _
 /\\ / ___'_ __ _ _(_)_ __  __ _ \ \ \ \
( ( )\___ | '_ | '_| | '_ \/ _` | \ \ \ \
 \\/  ___)| |_)| | | | | || (_| |  ) ) ) )
  '  |____| .__|_| |_|_| |_\__, | / / / /
 =========|_|==============|___/=/_/_/_/
 :: Spring Boot ::        (v2.1.8.RELEASE)

]]></system-out>
  </testcase>
  <testcase name="testUpdateGame" classname="com.sg.guessthenumber.dao.GameDaoDBTest" time="0.009"/>
  <testcase name="testAddGetGame" classname="com.sg.guessthenumber.dao.GameDaoDBTest" time="0.007"/>
</testsuite>